#
# A fatal error has been detected by the Java Runtime Environment:
#
#  EXCEPTION_ACCESS_VIOLATION (0xc0000005) at pc=0x0000000005085157, pid=2728, tid=6548
#
# JRE version: Java(TM) SE Runtime Environment (8.0_77-b03) (build 1.8.0_77-b03)
# Java VM: Java HotSpot(TM) 64-Bit Server VM (25.77-b03 mixed mode windows-amd64 compressed oops)
# Problematic frame:
# J 14958 C1 org.gradle.api.internal.tasks.compile.incremental.deps.ClassDependentsAccumulator.addClass(Ljava/lang/String;ZLjava/lang/Iterable;)V (101 bytes) @ 0x0000000005085157 [0x0000000005084c20+0x537]
#
# Failed to write core dump. Minidumps are not enabled by default on client versions of Windows
#
# If you would like to submit a bug report, please visit:
#   http://bugreport.java.com/bugreport/crash.jsp
#

---------------  T H R E A D  ---------------

Current thread (0x000000001b298000):  JavaThread "Daemon worker Thread 26" [_thread_in_Java, id=6548, stack(0x0000000018f80000,0x0000000019080000)]

siginfo: ExceptionCode=0xc0000005, reading address 0x0000480021677848

Registers:
RAX=0x00000000f371ad18, RBX=0x00000000f371adc0, RCX=0x000000000000000d, RDX=0x00004800216775f8
RSP=0x000000001907bc40, RBP=0x00000000f36f9140, RSI=0x00000000f371ad70, RDI=0x00000001000016d0
R8 =0x00000001000016d0, R9 =0x000000000079b8d7, R10=0x0000000000000010, R11=0x00000000f371ad18
R12=0x0000000000000000, R13=0x00000000f36f84e8, R14=0x0000000000000001, R15=0x000000001b298000
RIP=0x0000000005085157, EFLAGS=0x0000000000010202

Top of Stack: (sp=0x000000001907bc40)
0x000000001907bc40:   0000000000000000 0000000002f2c931
0x000000001907bc50:   000000010000d600 00000000c01dc6b0
0x000000001907bc60:   00000000f36fd2c0 00000000f36fd210
0x000000001907bc70:   00000022f36fce00 00000000f36f84d0
0x000000001907bc80:   00000000f36fd3f8 0000000000000001
0x000000001907bc90:   00000000f371acd8 00000000f371aed0
0x000000001907bca0:   00000000f36fd3f8 00000000f36fc588
0x000000001907bcb0:   00000001001203a8 00000000f36fc5a8
0x000000001907bcc0:   00000000f36f9140 0000000004db18e4
0x000000001907bcd0:   00000000f36fc690 00000000f36fc6a8
0x000000001907bce0:   00000000f36fc690 00000000f36fc620
0x000000001907bcf0:   00000000f36fc6a8 00000000f36fc000
0x000000001907bd00:   00000000f36fc020 00000000f36fb470
0x000000001907bd10:   0000000000000003 f36fc6a8f36f9140
0x000000001907bd20:   f36fc6a8f36fc690 00000000f36fc690
0x000000001907bd30:   00000001f36fc690 00000000f36fc620 

Instructions: (pc=0x0000000005085157)
0x0000000005085137:   40 08 49 c1 e0 03 49 3b f8 0f 85 8a 00 00 00 48
0x0000000005085147:   ba f8 75 67 21 00 48 00 00 8b 78 08 48 c1 e7 03
0x0000000005085157:   48 3b ba 50 02 00 00 75 0d 48 83 82 58 02 00 00
0x0000000005085167:   01 e9 7f 00 00 00 48 3b ba 60 02 00 00 75 0d 48 


Register to memory mapping:

RAX=0x00000000f371ad18 is an oop
java.lang.String 
 - klass: 'java/lang/String'
RBX=0x00000000f371adc0 is an oop
java.util.HashMap$Node 
 - klass: 'java/util/HashMap$Node'
RCX=0x000000000000000d is an unknown value
RDX=0x00004800216775f8 is an unknown value
RSP=0x000000001907bc40 is pointing into the stack for thread: 0x000000001b298000
RBP=0x00000000f36f9140 is an oop
org.gradle.api.internal.file.collections.jdk7.Jdk7DirectoryWalker$1 
 - klass: 'org/gradle/api/internal/file/collections/jdk7/Jdk7DirectoryWalker$1'
RSI=0x00000000f371ad70 is an oop
[Ljava.util.HashMap$Node; 
 - klass: 'java/util/HashMap$Node'[]
 - length: 16
RDI=0x00000001000016d0 is pointing into metadata
R8 =0x00000001000016d0 is pointing into metadata
R9 =0x000000000079b8d7 is an unknown value
R10=0x0000000000000010 is an unknown value
R11=0x00000000f371ad18 is an oop
java.lang.String 
 - klass: 'java/lang/String'
R12=0x0000000000000000 is an unknown value
R13=0x00000000f36f84e8 is an oop
java.util.HashMap 
 - klass: 'java/util/HashMap'
R14=0x0000000000000001 is an unknown value
R15=0x000000001b298000 is a thread


Stack: [0x0000000018f80000,0x0000000019080000],  sp=0x000000001907bc40,  free space=1007k
Native frames: (J=compiled Java code, j=interpreted, Vv=VM code, C=native code)
C  0x0000000005085157


---------------  P R O C E S S  ---------------

Java Threads: ( => current thread )
  0x000000001b5da000 JavaThread "pool-31-thread-1" [_thread_blocked, id=4064, stack(0x000000001cff0000,0x000000001d0f0000)]
  0x000000001b295000 JavaThread "Stdin handler" [_thread_blocked, id=6980, stack(0x0000000019080000,0x0000000019180000)]
=>0x000000001b298000 JavaThread "Daemon worker Thread 26" [_thread_in_Java, id=6548, stack(0x0000000018f80000,0x0000000019080000)]
  0x000000001b291800 JavaThread "Cancel handler" [_thread_blocked, id=5988, stack(0x0000000018e80000,0x0000000018f80000)]
  0x000000001b290800 JavaThread "Handler for socket connection from /127.0.0.1:61198 to /127.0.0.1:60054" [_thread_in_native, id=5596, stack(0x0000000018d80000,0x0000000018e80000)]
  0x000000001b293000 JavaThread "Daemon Thread 26" [_thread_blocked, id=2924, stack(0x0000000018c80000,0x0000000018d80000)]
  0x000000001b29b000 JavaThread "pool-3-thread-4" [_thread_blocked, id=4128, stack(0x0000000021c80000,0x0000000021d80000)]
  0x000000001b296000 JavaThread "pool-3-thread-3" [_thread_blocked, id=5428, stack(0x0000000021b80000,0x0000000021c80000)]
  0x000000001b5d9000 JavaThread "stdout" daemon [_thread_in_native, id=4928, stack(0x0000000022880000,0x0000000022980000)]
  0x000000001b5d8800 JavaThread "stderr" daemon [_thread_in_native, id=6112, stack(0x0000000022780000,0x0000000022880000)]
  0x000000001b292000 JavaThread "pool-3-thread-2" [_thread_blocked, id=5184, stack(0x0000000021180000,0x0000000021280000)]
  0x000000001b293800 JavaThread "pool-3-thread-1" [_thread_blocked, id=2376, stack(0x00000000202f0000,0x00000000203f0000)]
  0x0000000018197000 JavaThread "File lock request listener" [_thread_in_native, id=3472, stack(0x000000001a750000,0x000000001a850000)]
  0x0000000016e32000 JavaThread "Incoming local TCP Connector on port 61198" [_thread_in_native, id=5648, stack(0x00000000185b0000,0x00000000186b0000)]
  0x0000000014bb4800 JavaThread "Service Thread" daemon [_thread_blocked, id=4684, stack(0x0000000016900000,0x0000000016a00000)]
  0x0000000014bb0800 JavaThread "C1 CompilerThread2" daemon [_thread_blocked, id=5564, stack(0x0000000016400000,0x0000000016500000)]
  0x0000000014bac800 JavaThread "C2 CompilerThread1" daemon [_thread_blocked, id=3536, stack(0x0000000016300000,0x0000000016400000)]
  0x0000000014bb9800 JavaThread "C2 CompilerThread0" daemon [_thread_blocked, id=2256, stack(0x0000000016200000,0x0000000016300000)]
  0x0000000014bb8000 JavaThread "Attach Listener" daemon [_thread_blocked, id=184, stack(0x0000000016100000,0x0000000016200000)]
  0x0000000014bb6800 JavaThread "Signal Dispatcher" daemon [_thread_blocked, id=6124, stack(0x0000000016000000,0x0000000016100000)]
  0x0000000014b9a800 JavaThread "Finalizer" daemon [_thread_blocked, id=4116, stack(0x0000000015e20000,0x0000000015f20000)]
  0x00000000024d0000 JavaThread "Reference Handler" daemon [_thread_blocked, id=5156, stack(0x0000000015d20000,0x0000000015e20000)]
  0x0000000000afd800 JavaThread "main" [_thread_blocked, id=4856, stack(0x0000000002240000,0x0000000002340000)]

Other Threads:
  0x0000000014b78000 VMThread [stack: 0x0000000015c20000,0x0000000015d20000] [id=1740]
  0x0000000014c0e800 WatcherThread [stack: 0x0000000016a00000,0x0000000016b00000] [id=4708]

VM state:not at safepoint (normal execution)

VM Mutex/Monitor currently owned by a thread: None

Heap:
 PSYoungGen      total 309760K, used 160792K [0x00000000eab00000, 0x00000000ffc00000, 0x0000000100000000)
  eden space 280576K, 51% used [0x00000000eab00000,0x00000000f38fd850,0x00000000fbd00000)
  from space 29184K, 52% used [0x00000000fdf80000,0x00000000fee889a8,0x00000000ffc00000)
  to   space 32256K, 0% used [0x00000000fbd00000,0x00000000fbd00000,0x00000000fdc80000)
 ParOldGen       total 155648K, used 36870K [0x00000000c0000000, 0x00000000c9800000, 0x00000000eab00000)
  object space 155648K, 23% used [0x00000000c0000000,0x00000000c2401b90,0x00000000c9800000)
 Metaspace       used 80205K, capacity 84566K, committed 90368K, reserved 1128448K
  class space    used 9570K, capacity 9943K, committed 11264K, reserved 1048576K

Card table byte_map: [0x00000000118a0000,0x0000000011ab0000] byte_map_base: 0x00000000112a0000

Marking Bits: (ParMarkBitMap*) 0x0000000066bf0600
 Begin Bits: [0x0000000012010000, 0x0000000013010000)
 End Bits:   [0x0000000013010000, 0x0000000014010000)

Polling page: 0x0000000000970000

CodeCache: size=245760Kb used=77515Kb max_used=77560Kb free=168244Kb
 bounds [0x00000000024e0000, 0x0000000007160000, 0x00000000114e0000]
 total_blobs=19312 nmethods=18507 adapters=715
 compilation: enabled

Compilation events (10 events):
Event: 11632.674 Thread 0x0000000014bac800 nmethod 25164 0x0000000007149a50 code [0x0000000007149ee0, 0x000000000714cb78]
Event: 11632.685 Thread 0x0000000014bb9800 25171       4       com.sun.tools.javac.tree.TreeScanner::visitTypeArray (9 bytes)
Event: 11632.686 Thread 0x0000000014bb9800 nmethod 25171 0x0000000006891250 code [0x00000000068913a0, 0x0000000006891438]
Event: 11632.786 Thread 0x0000000014bac800 25172       4       com.sun.tools.javac.comp.Lower::translate (41 bytes)
Event: 11632.818 Thread 0x0000000014bac800 nmethod 25172 0x00000000066f2f10 code [0x00000000066f30c0, 0x00000000066f35a0]
Event: 11632.882 Thread 0x0000000014bb9800 25173       4       com.sun.tools.javac.jvm.Gen::visitNewArray (194 bytes)
Event: 11632.923 Thread 0x0000000014bb0800 25174       1       java.util.Locale::getBaseLocale (5 bytes)
Event: 11632.924 Thread 0x0000000014bb0800 nmethod 25174 0x0000000004bfa710 code [0x0000000004bfa860, 0x0000000004bfa970]
Event: 11632.964 Thread 0x0000000014bb0800 25175       3       java.io.PrintWriter::ensureOpen (18 bytes)
Event: 11632.964 Thread 0x0000000014bb0800 nmethod 25175 0x00000000026e8950 code [0x00000000026e8ac0, 0x00000000026e8d08]

GC Heap History (10 events):
Event: 5290.133 GC heap before
{Heap before GC invocations=100 (full 27):
 PSYoungGen      total 320512K, used 293888K [0x00000000eab00000, 0x0000000100000000, 0x0000000100000000)
  eden space 293888K, 100% used [0x00000000eab00000,0x00000000fca00000,0x00000000fca00000)
  from space 26624K, 0% used [0x00000000fe600000,0x00000000fe600000,0x0000000100000000)
  to   space 27648K, 0% used [0x00000000fca00000,0x00000000fca00000,0x00000000fe500000)
 ParOldGen       total 155648K, used 64213K [0x00000000c0000000, 0x00000000c9800000, 0x00000000eab00000)
  object space 155648K, 41% used [0x00000000c0000000,0x00000000c3eb5758,0x00000000c9800000)
 Metaspace       used 83001K, capacity 89686K, committed 90368K, reserved 1128448K
  class space    used 10192K, capacity 11088K, committed 11264K, reserved 1048576K
Event: 5290.933 GC heap after
Heap after GC invocations=100 (full 27):
 PSYoungGen      total 321536K, used 27637K [0x00000000eab00000, 0x0000000100000000, 0x0000000100000000)
  eden space 293888K, 0% used [0x00000000eab00000,0x00000000eab00000,0x00000000fca00000)
  from space 27648K, 99% used [0x00000000fca00000,0x00000000fe4fd7a0,0x00000000fe500000)
  to   space 27648K, 0% used [0x00000000fe500000,0x00000000fe500000,0x0000000100000000)
 ParOldGen       total 155648K, used 74987K [0x00000000c0000000, 0x00000000c9800000, 0x00000000eab00000)
  object space 155648K, 48% used [0x00000000c0000000,0x00000000c493ad58,0x00000000c9800000)
 Metaspace       used 83001K, capacity 89686K, committed 90368K, reserved 1128448K
  class space    used 10192K, capacity 11088K, committed 11264K, reserved 1048576K
}
Event: 5291.923 GC heap before
{Heap before GC invocations=101 (full 27):
 PSYoungGen      total 321536K, used 321525K [0x00000000eab00000, 0x0000000100000000, 0x0000000100000000)
  eden space 293888K, 100% used [0x00000000eab00000,0x00000000fca00000,0x00000000fca00000)
  from space 27648K, 99% used [0x00000000fca00000,0x00000000fe4fd7a0,0x00000000fe500000)
  to   space 27648K, 0% used [0x00000000fe500000,0x00000000fe500000,0x0000000100000000)
 ParOldGen       total 155648K, used 74987K [0x00000000c0000000, 0x00000000c9800000, 0x00000000eab00000)
  object space 155648K, 48% used [0x00000000c0000000,0x00000000c493ad58,0x00000000c9800000)
 Metaspace       used 83007K, capacity 89686K, committed 90368K, reserved 1128448K
  class space    used 10192K, capacity 11088K, committed 11264K, reserved 1048576K
Event: 5291.947 GC heap after
Heap after GC invocations=101 (full 27):
 PSYoungGen      total 306176K, used 16162K [0x00000000eab00000, 0x0000000100000000, 0x0000000100000000)
  eden space 278528K, 0% used [0x00000000eab00000,0x00000000eab00000,0x00000000fbb00000)
  from space 27648K, 58% used [0x00000000fe500000,0x00000000ff4c8948,0x0000000100000000)
  to   space 35328K, 0% used [0x00000000fbb00000,0x00000000fbb00000,0x00000000fdd80000)
 ParOldGen       total 155648K, used 74987K [0x00000000c0000000, 0x00000000c9800000, 0x00000000eab00000)
  object space 155648K, 48% used [0x00000000c0000000,0x00000000c493ad58,0x00000000c9800000)
 Metaspace       used 83007K, capacity 89686K, committed 90368K, reserved 1128448K
  class space    used 10192K, capacity 11088K, committed 11264K, reserved 1048576K
}
Event: 11199.440 GC heap before
{Heap before GC invocations=102 (full 27):
 PSYoungGen      total 306176K, used 197269K [0x00000000eab00000, 0x0000000100000000, 0x0000000100000000)
  eden space 278528K, 65% used [0x00000000eab00000,0x00000000f5bdce20,0x00000000fbb00000)
  from space 27648K, 58% used [0x00000000fe500000,0x00000000ff4c8948,0x0000000100000000)
  to   space 35328K, 0% used [0x00000000fbb00000,0x00000000fbb00000,0x00000000fdd80000)
 ParOldGen       total 155648K, used 74987K [0x00000000c0000000, 0x00000000c9800000, 0x00000000eab00000)
  object space 155648K, 48% used [0x00000000c0000000,0x00000000c493ad58,0x00000000c9800000)
 Metaspace       used 83091K, capacity 89862K, committed 90368K, reserved 1128448K
  class space    used 10208K, capacity 11104K, committed 11264K, reserved 1048576K
Event: 11199.483 GC heap after
Heap after GC invocations=102 (full 27):
 PSYoungGen      total 313856K, used 13509K [0x00000000eab00000, 0x0000000100000000, 0x0000000100000000)
  eden space 278528K, 0% used [0x00000000eab00000,0x00000000eab00000,0x00000000fbb00000)
  from space 35328K, 38% used [0x00000000fbb00000,0x00000000fc831770,0x00000000fdd80000)
  to   space 33280K, 0% used [0x00000000fdf80000,0x00000000fdf80000,0x0000000100000000)
 ParOldGen       total 155648K, used 74995K [0x00000000c0000000, 0x00000000c9800000, 0x00000000eab00000)
  object space 155648K, 48% used [0x00000000c0000000,0x00000000c493cd58,0x00000000c9800000)
 Metaspace       used 83091K, capacity 89862K, committed 90368K, reserved 1128448K
  class space    used 10208K, capacity 11104K, committed 11264K, reserved 1048576K
}
Event: 11199.483 GC heap before
{Heap before GC invocations=103 (full 28):
 PSYoungGen      total 313856K, used 13509K [0x00000000eab00000, 0x0000000100000000, 0x0000000100000000)
  eden space 278528K, 0% used [0x00000000eab00000,0x00000000eab00000,0x00000000fbb00000)
  from space 35328K, 38% used [0x00000000fbb00000,0x00000000fc831770,0x00000000fdd80000)
  to   space 33280K, 0% used [0x00000000fdf80000,0x00000000fdf80000,0x0000000100000000)
 ParOldGen       total 155648K, used 74995K [0x00000000c0000000, 0x00000000c9800000, 0x00000000eab00000)
  object space 155648K, 48% used [0x00000000c0000000,0x00000000c493cd58,0x00000000c9800000)
 Metaspace       used 83091K, capacity 89862K, committed 90368K, reserved 1128448K
  class space    used 10208K, capacity 11104K, committed 11264K, reserved 1048576K
Event: 11200.361 GC heap after
Heap after GC invocations=103 (full 28):
 PSYoungGen      total 313856K, used 0K [0x00000000eab00000, 0x0000000100000000, 0x0000000100000000)
  eden space 278528K, 0% used [0x00000000eab00000,0x00000000eab00000,0x00000000fbb00000)
  from space 35328K, 0% used [0x00000000fbb00000,0x00000000fbb00000,0x00000000fdd80000)
  to   space 33280K, 0% used [0x00000000fdf80000,0x00000000fdf80000,0x0000000100000000)
 ParOldGen       total 155648K, used 36870K [0x00000000c0000000, 0x00000000c9800000, 0x00000000eab00000)
  object space 155648K, 23% used [0x00000000c0000000,0x00000000c2401b90,0x00000000c9800000)
 Metaspace       used 79651K, capacity 83450K, committed 90368K, reserved 1128448K
  class space    used 9442K, capacity 9699K, committed 11264K, reserved 1048576K
}
Event: 11623.553 GC heap before
{Heap before GC invocations=104 (full 28):
 PSYoungGen      total 313856K, used 278528K [0x00000000eab00000, 0x0000000100000000, 0x0000000100000000)
  eden space 278528K, 100% used [0x00000000eab00000,0x00000000fbb00000,0x00000000fbb00000)
  from space 35328K, 0% used [0x00000000fbb00000,0x00000000fbb00000,0x00000000fdd80000)
  to   space 33280K, 0% used [0x00000000fdf80000,0x00000000fdf80000,0x0000000100000000)
 ParOldGen       total 155648K, used 36870K [0x00000000c0000000, 0x00000000c9800000, 0x00000000eab00000)
  object space 155648K, 23% used [0x00000000c0000000,0x00000000c2401b90,0x00000000c9800000)
 Metaspace       used 80098K, capacity 84318K, committed 90368K, reserved 1128448K
  class space    used 9552K, capacity 9863K, committed 11264K, reserved 1048576K
Event: 11623.648 GC heap after
Heap after GC invocations=104 (full 28):
 PSYoungGen      total 309760K, used 15394K [0x00000000eab00000, 0x00000000ffc00000, 0x0000000100000000)
  eden space 280576K, 0% used [0x00000000eab00000,0x00000000eab00000,0x00000000fbd00000)
  from space 29184K, 52% used [0x00000000fdf80000,0x00000000fee889a8,0x00000000ffc00000)
  to   space 32256K, 0% used [0x00000000fbd00000,0x00000000fbd00000,0x00000000fdc80000)
 ParOldGen       total 155648K, used 36870K [0x00000000c0000000, 0x00000000c9800000, 0x00000000eab00000)
  object space 155648K, 23% used [0x00000000c0000000,0x00000000c2401b90,0x00000000c9800000)
 Metaspace       used 80098K, capacity 84318K, committed 90368K, reserved 1128448K
  class space    used 9552K, capacity 9863K, committed 11264K, reserved 1048576K
}

Deoptimization events (10 events):
Event: 11622.007 Thread 0x000000001b298000 Uncommon trap: reason=unstable_if action=reinterpret pc=0x0000000003e737a8 method=java.lang.ref.SoftReference.get()Ljava/lang/Object; @ 6
Event: 11622.012 Thread 0x000000001b298000 Uncommon trap: reason=unstable_if action=reinterpret pc=0x000000000359649c method=java.lang.ref.SoftReference.get()Ljava/lang/Object; @ 6
Event: 11622.028 Thread 0x000000001b298000 Uncommon trap: reason=unstable_if action=reinterpret pc=0x00000000061e317c method=groovy.lang.MetaClassImpl.populateMethods(Ljava/util/LinkedList;Lorg/codehaus/groovy/reflection/CachedClass;)V @ 315
Event: 11622.109 Thread 0x000000001b298000 Uncommon trap: reason=array_check action=maybe_recompile pc=0x0000000002c6e9e0 method=java.util.ComparableTimSort.mergeLo(IIII)V @ 240
Event: 11622.192 Thread 0x000000001b298000 Uncommon trap: reason=unstable_if action=reinterpret pc=0x0000000003a6708c method=java.lang.ref.SoftReference.get()Ljava/lang/Object; @ 6
Event: 11622.551 Thread 0x000000001b298000 Uncommon trap: reason=array_check action=maybe_recompile pc=0x0000000003b3a7f8 method=java.util.ComparableTimSort.mergeHi(IIII)V @ 277
Event: 11622.628 Thread 0x000000001b298000 Uncommon trap: reason=array_check action=maybe_recompile pc=0x0000000004f68d4c method=java.util.ComparableTimSort.mergeHi(IIII)V @ 654
Event: 11622.628 Thread 0x000000001b298000 Uncommon trap: reason=array_check action=maybe_recompile pc=0x0000000004f68b9c method=java.util.ComparableTimSort.mergeHi(IIII)V @ 415
Event: 11622.660 Thread 0x000000001b298000 Uncommon trap: reason=array_check action=maybe_recompile pc=0x0000000004f68d4c method=java.util.ComparableTimSort.mergeHi(IIII)V @ 654
Event: 11622.768 Thread 0x000000001b298000 Uncommon trap: reason=unstable_if action=reinterpret pc=0x0000000004d94c20 method=java.lang.ref.SoftReference.get()Ljava/lang/Object; @ 6

Internal exceptions (10 events):
Event: 11620.663 Thread 0x000000001b290800 Exception <a 'java/lang/NoSuchMethodError': <clinit>> (0x00000000eb0adf00) thrown at [D:\re\workspace\8-2-build-windows-amd64-cygwin\jdk8u77\6540\hotspot\src\share\vm\prims\jni.cpp, line 1591]
Event: 11620.668 Thread 0x000000001b290800 Exception <a 'java/lang/NoSuchMethodError': <clinit>> (0x00000000eb0deaa0) thrown at [D:\re\workspace\8-2-build-windows-amd64-cygwin\jdk8u77\6540\hotspot\src\share\vm\prims\jni.cpp, line 1591]
Event: 11620.669 Thread 0x000000001b290800 Exception <a 'java/lang/NoSuchMethodError': <clinit>> (0x00000000eb0e7760) thrown at [D:\re\workspace\8-2-build-windows-amd64-cygwin\jdk8u77\6540\hotspot\src\share\vm\prims\jni.cpp, line 1591]
Event: 11620.672 Thread 0x000000001b290800 Exception <a 'java/lang/NoSuchMethodError': <clinit>> (0x00000000eb105760) thrown at [D:\re\workspace\8-2-build-windows-amd64-cygwin\jdk8u77\6540\hotspot\src\share\vm\prims\jni.cpp, line 1591]
Event: 11620.701 Thread 0x000000001b298000 Exception <a 'java/lang/NoSuchMethodError': <clinit>> (0x00000000eb2282d8) thrown at [D:\re\workspace\8-2-build-windows-amd64-cygwin\jdk8u77\6540\hotspot\src\share\vm\prims\jni.cpp, line 1591]
Event: 11620.702 Thread 0x000000001b298000 Exception <a 'java/lang/NoSuchMethodError': <clinit>> (0x00000000eb230438) thrown at [D:\re\workspace\8-2-build-windows-amd64-cygwin\jdk8u77\6540\hotspot\src\share\vm\prims\jni.cpp, line 1591]
Event: 11621.180 Thread 0x000000001b298000 Exception <a 'java/lang/ClassNotFoundException': asLocalRepo2082_3ru291ac05qrb3zcixbaae68aBeanInfo> (0x00000000ebf4e1d8) thrown at [D:\re\workspace\8-2-build-windows-amd64-cygwin\jdk8u77\6540\hotspot\src\share\vm\classfile\systemDictionary.cpp, line 210]
Event: 11621.181 Thread 0x000000001b298000 Exception <a 'java/lang/ClassNotFoundException': asLocalRepo2082_3ru291ac05qrb3zcixbaae68aCustomizer> (0x00000000ebf57b70) thrown at [D:\re\workspace\8-2-build-windows-amd64-cygwin\jdk8u77\6540\hotspot\src\share\vm\classfile\systemDictionary.cpp, line 210]Âm%_³Æ@
Event: 11622.743 Thread 0x000000001b298000 Implicit null exception at 0x0000000004d8e57f to 0x0000000004d94bf1
Event: 11623.122 Thread 0x000000001b298000 Exception <a 'java/lang/SecurityException'> (0x00000000fb2ae848) thrown at [D:\re\workspace\8-2-build-windows-amd64-cygwin\jdk8u77\6540\hotspot\src\share\vm\prims\jvm.cpp, line 1390]

Events (10 events):
Event: 11632.818 Thread 0x0000000014bac800 flushing nmethod 0x0000000002702510
Event: 11632.818 Thread 0x0000000014bac800 flushing nmethod 0x0000000002714690
Event: 11632.819 Thread 0x0000000014bac800 flushing nmethod 0x0000000002748750
Event: 11632.819 Thread 0x0000000014bac800 flushing nmethod 0x0000000002787a50
Event: 11632.965 Thread 0x0000000014bb0800 flushing nmethod 0x0000000002c0c9d0
Event: 11632.965 Thread 0x0000000014bb0800 flushing nmethod 0x0000000002d075d0
Event: 11632.965 Thread 0x0000000014bb0800 flushing nmethod 0x0000000002d07d90
Event: 11632.966 Thread 0x0000000014bb0800 flushing nmethod 0x0000000002d36550
Event: 11632.966 Thread 0x0000000014bb0800 flushing nmethod 0x0000000002dd8f90
Event: 11632.966 Thread 0x0000000014bb0800 flushing nmethod 0x0000000002e0add0


Dynamic libraries:
0x00007ff64b750000 - 0x00007ff64b787000 	C:\Program Files\Java\jdk1.8.0_77\bin\java.exe
0x00007ffb4c1b0000 - 0x00007ffb4c35d000 	C:\Windows\SYSTEM32\ntdll.dll
0x00007ffb4bff0000 - 0x00007ffb4c12a000 	C:\Windows\system32\KERNEL32.DLL
0x00007ffb49660000 - 0x00007ffb49775000 	C:\Windows\system32\KERNELBASE.dll
0x00007ffb47f30000 - 0x00007ffb47fbe000 	C:\Windows\system32\apphelp.dll
0x00007ffb416c0000 - 0x00007ffb41713000 	C:\Windows\AppPatch\AppPatch64\AcGenral.DLL
0x00007ffb4a080000 - 0x00007ffb4a127000 	C:\Windows\system32\msvcrt.dll
0x00007ffb49630000 - 0x00007ffb4965b000 	C:\Windows\system32\SspiCli.dll
0x00007ffb49a40000 - 0x00007ffb49a91000 	C:\Windows\system32\SHLWAPI.dll
0x00007ffb4a130000 - 0x00007ffb4a2a7000 	C:\Windows\system32\USER32.dll
0x00007ffb49880000 - 0x00007ffb49a14000 	C:\Windows\system32\ole32.dll
0x00007ffb4a510000 - 0x00007ffb4ba3a000 	C:\Windows\system32\SHELL32.dll
0x00007ffb48990000 - 0x00007ffb489ae000 	C:\Windows\SYSTEM32\USERENV.dll
0x00007ffb4a460000 - 0x00007ffb4a50a000 	C:\Windows\system32\ADVAPI32.dll
0x00007ffb3e0d0000 - 0x00007ffb3e0eb000 	C:\Windows\SYSTEM32\MPR.dll
0x00007ffb49f40000 - 0x00007ffb4a080000 	C:\Windows\system32\RPCRT4.dll
0x00007ffb4ba40000 - 0x00007ffb4ba99000 	C:\Windows\SYSTEM32\sechost.dll
0x00007ffb49c50000 - 0x00007ffb49e61000 	C:\Windows\SYSTEM32\combase.dll
0x00007ffb4bde0000 - 0x00007ffb4bf2f000 	C:\Windows\system32\GDI32.dll
0x00007ffb49330000 - 0x00007ffb49344000 	C:\Windows\SYSTEM32\profapi.dll
0x00007ffb47900000 - 0x00007ffb479b2000 	C:\Windows\SYSTEM32\SHCORE.dll
0x00007ffb49c10000 - 0x00007ffb49c44000 	C:\Windows\system32\IMM32.DLL
0x00007ffb49ab0000 - 0x00007ffb49c02000 	C:\Windows\system32\MSCTF.dll
0x00007ffb46090000 - 0x00007ffb4630b000 	C:\Windows\WinSxS\amd64_microsoft.windows.common-controls_6595b64144ccf1df_6.0.9600.18006_none_623f33d3ecbe86e8\COMCTL32.dll
0x0000000066c70000 - 0x0000000066d42000 	C:\Program Files\Java\jdk1.8.0_77\jre\bin\msvcr100.dll
0x00000000663e0000 - 0x0000000066c70000 	C:\Program Files\Java\jdk1.8.0_77\jre\bin\server\jvm.dll
0x00007ffb45a40000 - 0x00007ffb45a49000 	C:\Windows\SYSTEM32\WSOCK32.dll
0x00007ffb3e0b0000 - 0x00007ffb3e0cf000 	C:\Windows\SYSTEM32\WINMM.dll
0x00007ffb3ee90000 - 0x00007ffb3ee9a000 	C:\Windows\SYSTEM32\VERSION.dll
0x00007ffb4baa0000 - 0x00007ffb4baa7000 	C:\Windows\system32\PSAPI.DLL
0x00007ffb4bf90000 - 0x00007ffb4bfea000 	C:\Windows\system32\WS2_32.dll
0x00007ffb3e080000 - 0x00007ffb3e0aa000 	C:\Windows\SYSTEM32\WINMMBASE.dll
0x00007ffb49aa0000 - 0x00007ffb49aa9000 	C:\Windows\system32\NSI.dll
0x00007ffb495e0000 - 0x00007ffb4962a000 	C:\Windows\SYSTEM32\cfgmgr32.dll
0x00007ffb48180000 - 0x00007ffb481a6000 	C:\Windows\SYSTEM32\DEVOBJ.dll
0x0000000067b90000 - 0x0000000067b9f000 	C:\Program Files\Java\jdk1.8.0_77\jre\bin\verify.dll
0x00000000663b0000 - 0x00000000663d9000 	C:\Program Files\Java\jdk1.8.0_77\jre\bin\java.dll
0x0000000067b70000 - 0x0000000067b86000 	C:\Program Files\Java\jdk1.8.0_77\jre\bin\zip.dll
0x0000000066390000 - 0x00000000663aa000 	C:\Program Files\Java\jdk1.8.0_77\jre\bin\net.dll
0x00007ffb48bf0000 - 0x00007ffb48c49000 	C:\Windows\system32\mswsock.dll
0x0000000066370000 - 0x0000000066381000 	C:\Program Files\Java\jdk1.8.0_77\jre\bin\nio.dll
0x00007ffb42b80000 - 0x00007ffb42b92000 	C:\Users\Payal\.gradle\native\19\windows-amd64\native-platform.dll
0x00007ffb45750000 - 0x00007ffb4577a000 	C:\Windows\SYSTEM32\IPHLPAPI.DLL
0x00007ffb45680000 - 0x00007ffb4568a000 	C:\Windows\SYSTEM32\WINNSI.DLL
0x00007ffb45180000 - 0x00007ffb45194000 	C:\Windows\SYSTEM32\dhcpcsvc6.DLL
0x00007ffb45360000 - 0x00007ffb45379000 	C:\Windows\SYSTEM32\dhcpcsvc.DLL
0x00007ffb48c50000 - 0x00007ffb48c6e000 	C:\Windows\SYSTEM32\CRYPTSP.dll
0x00007ffb48880000 - 0x00007ffb488b6000 	C:\Windows\system32\rsaenh.dll
0x00007ffb48f00000 - 0x00007ffb48f26000 	C:\Windows\SYSTEM32\bcrypt.dll
0x00007ffb49200000 - 0x00007ffb49263000 	C:\Windows\system32\bcryptprimitives.dll
0x00007ffb49270000 - 0x00007ffb4927a000 	C:\Windows\SYSTEM32\CRYPTBASE.dll
0x0000000066360000 - 0x000000006636d000 	C:\Program Files\Java\jdk1.8.0_77\jre\bin\management.dll
0x0000000066320000 - 0x0000000066344000 	C:\Program Files\Java\jdk1.8.0_77\jre\bin\sunec.dll
0x00007ffb489f0000 - 0x00007ffb48a93000 	C:\Windows\SYSTEM32\DNSAPI.dll
0x00007ffb3dc10000 - 0x00007ffb3dc19000 	C:\Windows\System32\rasadhlp.dll
0x00007ffb45250000 - 0x00007ffb452bb000 	C:\Windows\System32\fwpuclnt.dll
0x00007ffb387c0000 - 0x00007ffb387d4000 	C:\Windows\system32\napinsp.dll
0x00007ffb387e0000 - 0x00007ffb387f9000 	C:\Windows\system32\pnrpnsp.dll
0x00007ffb46940000 - 0x00007ffb4695b000 	C:\Windows\system32\NLAapi.dll
0x00007ffb38800000 - 0x00007ffb3880c000 	C:\Windows\System32\winrnr.dll
0x00007ffb2f8d0000 - 0x00007ffb2fa59000 	C:\Windows\SYSTEM32\dbghelp.dll

VM Arguments:
jvm_args: -XX:MaxPermSize=256m -XX:+HeapDumpOnOutOfMemoryError -Xmx1024m -Dfile.encoding=windows-1252 -Duser.country=US -Duser.language=en -Duser.variant 
java_command: org.gradle.launcher.daemon.bootstrap.GradleDaemon 2.10
java_class_path (initial): C:\Users\Payal\.gradle\wrapper\dists\gradle-2.10-all\a4w5fzrkeut1ox71xslb49gst\gradle-2.10\lib\gradle-launcher-2.10.jar
Launcher Type: SUN_STANDARD

Environment Variables:
JAVA_HOME=C:\Program Files\Java\jdk1.8.0_91
PATH=C:\Program Files\Java\jdk1.8.0_91;C:\ProgramData\Oracle\Java\javapath;C:\Windows\system32;C:\Windows;C:\Windows\System32\Wbem;C:\Windows\System32\WindowsPowerShell\v1.0\;C:\Program Files (x86)\Skype\Phone\
USERNAME=Payal
OS=Windows_NT
PROCESSOR_IDENTIFIER=Intel64 Family 6 Model 37 Stepping 5, GenuineIntel



---------------  S Y S T E M  ---------------

OS: Windows 8.1 , 64 bit Build 9600 (6.3.9600.17056)

CPU:total 4 (2 cores per cpu, 2 threads per core) family 6 model 37 stepping 5, cmov, cx8, fxsr, mmx, sse, sse2, sse3, ssse3, sse4.1, sse4.2, popcnt, ht, tsc, tscinvbit

Memory: 4k page, physical 3857212k(469008k free), swap 6880552k(2249460k free)

vm_info: Java HotSpot(TM) 64-Bit Server VM (25.77-b03) for windows-amd64 JRE (1.8.0_77-b03), built on Mar 20 2016 22:01:33 by "java_re" with MS VC++ 10.0 (VS2010)

time: Thu Sep 15 14:29:36 2016
elapsed time: 11633 seconds (0d 3h 13m 53s)

